2025-12-02 21:02:05,944 - ERROR - [TLT] Critical Calculation Error: Failed to fetch data: 502 - Bad Gateway
2026-01-13 10:54:19,189 - ERROR - Error fetching stock data: Failed to fetch data: 404 - Not Found
2026-01-13 10:54:19,189 - ERROR - Initial Screener Fetch Failed: Failed to fetch data: 404 - Not Found
2026-01-13 10:56:23,799 - ERROR - Error fetching stock data: Failed to fetch data: 404 - Not Found
2026-01-13 10:56:23,800 - ERROR - Initial Screener Fetch Failed: Failed to fetch data: 404 - Not Found
2026-01-13 13:06:41,904 - ERROR - Error retrieving financial ratios: Failed to fetch data: 502 - Bad Gateway
2026-01-13 13:06:41,907 - ERROR - Error fetching ratio: Failed to fetch data: 502 - Bad Gateway
2026-01-13 13:14:07,843 - WARNING - API Busy. Retrying in 2.9s... (Attempt 1)
2026-01-13 16:21:15,842 - Error processing financial report data: "None of [Index(['ticker', 'yearReport', 'lengthReport'], dtype='object')] are in the [columns]"
2026-01-13 16:21:15,844 - Error retrieving financial ratios: "None of [Index(['ticker', 'yearReport', 'lengthReport'], dtype='object')] are in the [columns]"
2026-01-13 16:21:15,844 - Error fetching ratio: "None of [Index(['ticker', 'yearReport', 'lengthReport'], dtype='object')] are in the [columns]"
2026-01-13 16:25:55,104 - Error processing financial report data: "None of [Index(['ticker', 'yearReport', 'lengthReport'], dtype='object')] are in the [columns]"
2026-01-13 16:25:55,106 - Error retrieving financial ratios: "None of [Index(['ticker', 'yearReport', 'lengthReport'], dtype='object')] are in the [columns]"
2026-01-13 16:25:55,106 - Error fetching ratio: "None of [Index(['ticker', 'yearReport', 'lengthReport'], dtype='object')] are in the [columns]"
2026-01-13 16:38:39,868 - API request failed: ('Connection aborted.', RemoteDisconnected('Remote end closed connection without response'))
2026-01-13 17:05:13,645 - Error processing financial report data: Failed to fetch data: 502 - Bad Gateway
2026-01-13 17:05:13,647 - Error retrieving financial ratios: Failed to fetch data: 502 - Bad Gateway
2026-01-13 17:05:13,647 - Error fetching ratio: Failed to fetch data: 502 - Bad Gateway
2026-01-13 23:02:12,263 - Error processing financial report data: "None of [Index(['ticker', 'yearReport', 'lengthReport'], dtype='object')] are in the [columns]"
2026-01-13 23:02:12,264 - Error retrieving financial ratios: "None of [Index(['ticker', 'yearReport', 'lengthReport'], dtype='object')] are in the [columns]"
2026-01-13 23:02:12,264 - Error fetching ratio: "None of [Index(['ticker', 'yearReport', 'lengthReport'], dtype='object')] are in the [columns]"
2026-01-13 23:03:14,899 - Error processing financial report data: Failed to fetch data: 502 - Bad Gateway
2026-01-13 23:03:14,900 - Error retrieving financial ratios: Failed to fetch data: 502 - Bad Gateway
2026-01-13 23:03:14,901 - Error fetching ratio: Failed to fetch data: 502 - Bad Gateway
2026-01-13 23:10:11,143 - Error processing financial report data: Failed to fetch data: 502 - Bad Gateway
2026-01-13 23:10:11,145 - Error retrieving financial ratios: Failed to fetch data: 502 - Bad Gateway
2026-01-13 23:10:11,145 - Error fetching ratio: Failed to fetch data: 502 - Bad Gateway
2026-01-13 23:16:47,586 - Error processing financial report data: "None of [Index(['ticker', 'yearReport', 'lengthReport'], dtype='object')] are in the [columns]"
2026-01-13 23:16:47,587 - Error retrieving financial ratios: "None of [Index(['ticker', 'yearReport', 'lengthReport'], dtype='object')] are in the [columns]"
2026-01-13 23:16:47,587 - Error fetching ratio: "None of [Index(['ticker', 'yearReport', 'lengthReport'], dtype='object')] are in the [columns]"
2026-01-13 23:26:03,595 - Error processing financial report data: "None of [Index(['ticker', 'yearReport', 'lengthReport'], dtype='object')] are in the [columns]"
2026-01-13 23:26:03,596 - Error retrieving financial ratios: "None of [Index(['ticker', 'yearReport', 'lengthReport'], dtype='object')] are in the [columns]"
2026-01-13 23:26:03,596 - Error fetching ratio: "None of [Index(['ticker', 'yearReport', 'lengthReport'], dtype='object')] are in the [columns]"
2026-01-13 23:30:12,507 - Error processing financial report data: "None of [Index(['ticker', 'yearReport', 'lengthReport'], dtype='object')] are in the [columns]"
2026-01-13 23:30:12,509 - Error retrieving financial ratios: "None of [Index(['ticker', 'yearReport', 'lengthReport'], dtype='object')] are in the [columns]"
2026-01-13 23:30:12,509 - Error fetching ratio: "None of [Index(['ticker', 'yearReport', 'lengthReport'], dtype='object')] are in the [columns]"
2026-01-13 23:32:18,209 - Error processing financial report data: "None of [Index(['ticker', 'yearReport', 'lengthReport'], dtype='object')] are in the [columns]"
2026-01-13 23:32:18,210 - Error retrieving financial ratios: "None of [Index(['ticker', 'yearReport', 'lengthReport'], dtype='object')] are in the [columns]"
2026-01-13 23:32:18,210 - Error fetching ratio: "None of [Index(['ticker', 'yearReport', 'lengthReport'], dtype='object')] are in the [columns]"
2026-01-13 23:33:30,806 - Error processing financial report data: "None of [Index(['ticker', 'yearReport', 'lengthReport'], dtype='object')] are in the [columns]"
2026-01-13 23:33:30,808 - Error retrieving financial ratios: "None of [Index(['ticker', 'yearReport', 'lengthReport'], dtype='object')] are in the [columns]"
2026-01-13 23:33:30,808 - Error fetching ratio: "None of [Index(['ticker', 'yearReport', 'lengthReport'], dtype='object')] are in the [columns]"
2026-01-13 23:36:42,092 - Error processing financial report data: "None of [Index(['ticker', 'yearReport', 'lengthReport'], dtype='object')] are in the [columns]"
2026-01-13 23:36:42,094 - Error retrieving financial ratios: "None of [Index(['ticker', 'yearReport', 'lengthReport'], dtype='object')] are in the [columns]"
2026-01-13 23:36:42,095 - Error fetching ratio: "None of [Index(['ticker', 'yearReport', 'lengthReport'], dtype='object')] are in the [columns]"
2026-01-13 23:54:07,481 - Error processing financial report data: "None of [Index(['ticker', 'yearReport', 'lengthReport'], dtype='object')] are in the [columns]"
2026-01-13 23:54:07,483 - Error retrieving financial ratios: "None of [Index(['ticker', 'yearReport', 'lengthReport'], dtype='object')] are in the [columns]"
2026-01-13 23:54:07,483 - Error fetching ratio: "None of [Index(['ticker', 'yearReport', 'lengthReport'], dtype='object')] are in the [columns]"
2026-01-13 23:54:47,573 - Error processing financial report data: "None of [Index(['ticker', 'yearReport', 'lengthReport'], dtype='object')] are in the [columns]"
2026-01-13 23:54:47,574 - Error retrieving financial ratios: "None of [Index(['ticker', 'yearReport', 'lengthReport'], dtype='object')] are in the [columns]"
2026-01-13 23:54:47,575 - Error fetching ratio: "None of [Index(['ticker', 'yearReport', 'lengthReport'], dtype='object')] are in the [columns]"
2026-01-13 23:55:15,700 - Error processing financial report data: "None of [Index(['ticker', 'yearReport', 'lengthReport'], dtype='object')] are in the [columns]"
2026-01-13 23:55:15,702 - Error retrieving financial ratios: "None of [Index(['ticker', 'yearReport', 'lengthReport'], dtype='object')] are in the [columns]"
2026-01-13 23:55:15,702 - Error fetching ratio: "None of [Index(['ticker', 'yearReport', 'lengthReport'], dtype='object')] are in the [columns]"
2026-01-13 23:56:19,807 - Error processing financial report data: "None of [Index(['ticker', 'yearReport', 'lengthReport'], dtype='object')] are in the [columns]"
2026-01-13 23:56:19,809 - Error retrieving financial ratios: "None of [Index(['ticker', 'yearReport', 'lengthReport'], dtype='object')] are in the [columns]"
2026-01-13 23:56:19,809 - Error fetching ratio: "None of [Index(['ticker', 'yearReport', 'lengthReport'], dtype='object')] are in the [columns]"
2026-01-14 13:03:05,192 - Error processing financial report data: "None of [Index(['ticker', 'yearReport', 'lengthReport'], dtype='object')] are in the [columns]"
2026-01-14 13:03:05,194 - Error retrieving financial ratios: "None of [Index(['ticker', 'yearReport', 'lengthReport'], dtype='object')] are in the [columns]"
2026-01-14 13:03:05,194 - Error fetching ratio: "None of [Index(['ticker', 'yearReport', 'lengthReport'], dtype='object')] are in the [columns]"
2026-01-14 13:03:17,174 - Error processing financial report data: "None of [Index(['ticker', 'yearReport', 'lengthReport'], dtype='object')] are in the [columns]"
2026-01-14 13:03:17,175 - Error retrieving financial ratios: "None of [Index(['ticker', 'yearReport', 'lengthReport'], dtype='object')] are in the [columns]"
2026-01-14 13:03:17,175 - Error fetching ratio: "None of [Index(['ticker', 'yearReport', 'lengthReport'], dtype='object')] are in the [columns]"
2026-01-14 13:03:21,419 - Error processing financial report data: "None of [Index(['ticker', 'yearReport', 'lengthReport'], dtype='object')] are in the [columns]"
2026-01-14 13:03:21,420 - Error retrieving financial ratios: "None of [Index(['ticker', 'yearReport', 'lengthReport'], dtype='object')] are in the [columns]"
2026-01-14 13:03:21,420 - Error fetching ratio: "None of [Index(['ticker', 'yearReport', 'lengthReport'], dtype='object')] are in the [columns]"
2026-01-14 13:03:24,490 - Error processing financial report data: "None of [Index(['ticker', 'yearReport', 'lengthReport'], dtype='object')] are in the [columns]"
2026-01-14 13:03:24,490 - Error retrieving financial ratios: "None of [Index(['ticker', 'yearReport', 'lengthReport'], dtype='object')] are in the [columns]"
2026-01-14 13:03:24,491 - Error fetching ratio: "None of [Index(['ticker', 'yearReport', 'lengthReport'], dtype='object')] are in the [columns]"
2026-01-14 13:03:33,160 - Error processing financial report data: "None of [Index(['ticker', 'yearReport', 'lengthReport'], dtype='object')] are in the [columns]"
2026-01-14 13:03:33,161 - Error retrieving financial ratios: "None of [Index(['ticker', 'yearReport', 'lengthReport'], dtype='object')] are in the [columns]"
2026-01-14 13:03:33,161 - Error fetching ratio: "None of [Index(['ticker', 'yearReport', 'lengthReport'], dtype='object')] are in the [columns]"
2026-01-14 13:03:37,459 - Error processing financial report data: "None of [Index(['ticker', 'yearReport', 'lengthReport'], dtype='object')] are in the [columns]"
2026-01-14 13:03:37,459 - Error retrieving financial ratios: "None of [Index(['ticker', 'yearReport', 'lengthReport'], dtype='object')] are in the [columns]"
2026-01-14 13:03:37,459 - Error fetching ratio: "None of [Index(['ticker', 'yearReport', 'lengthReport'], dtype='object')] are in the [columns]"
2026-01-14 13:03:39,931 - Error processing financial report data: "None of [Index(['ticker', 'yearReport', 'lengthReport'], dtype='object')] are in the [columns]"
2026-01-14 13:03:39,931 - Error retrieving financial ratios: "None of [Index(['ticker', 'yearReport', 'lengthReport'], dtype='object')] are in the [columns]"
2026-01-14 13:03:39,931 - Error fetching ratio: "None of [Index(['ticker', 'yearReport', 'lengthReport'], dtype='object')] are in the [columns]"
2026-01-14 13:03:49,150 - Error processing financial report data: "None of [Index(['ticker', 'yearReport', 'lengthReport'], dtype='object')] are in the [columns]"
2026-01-14 13:03:49,151 - Error retrieving financial ratios: "None of [Index(['ticker', 'yearReport', 'lengthReport'], dtype='object')] are in the [columns]"
2026-01-14 13:03:49,152 - Error fetching ratio: "None of [Index(['ticker', 'yearReport', 'lengthReport'], dtype='object')] are in the [columns]"
2026-01-14 13:03:53,237 - Error processing financial report data: "None of [Index(['ticker', 'yearReport', 'lengthReport'], dtype='object')] are in the [columns]"
2026-01-14 13:03:53,237 - Error retrieving financial ratios: "None of [Index(['ticker', 'yearReport', 'lengthReport'], dtype='object')] are in the [columns]"
2026-01-14 13:03:53,237 - Error fetching ratio: "None of [Index(['ticker', 'yearReport', 'lengthReport'], dtype='object')] are in the [columns]"
2026-01-14 13:03:55,177 - Error processing financial report data: "None of [Index(['ticker', 'yearReport', 'lengthReport'], dtype='object')] are in the [columns]"
2026-01-14 13:03:55,178 - Error retrieving financial ratios: "None of [Index(['ticker', 'yearReport', 'lengthReport'], dtype='object')] are in the [columns]"
2026-01-14 13:03:55,178 - Error fetching ratio: "None of [Index(['ticker', 'yearReport', 'lengthReport'], dtype='object')] are in the [columns]"
2026-01-14 13:03:57,425 - Error processing financial report data: "None of [Index(['ticker', 'yearReport', 'lengthReport'], dtype='object')] are in the [columns]"
2026-01-14 13:03:57,425 - Error retrieving financial ratios: "None of [Index(['ticker', 'yearReport', 'lengthReport'], dtype='object')] are in the [columns]"
2026-01-14 13:03:57,426 - Error fetching ratio: "None of [Index(['ticker', 'yearReport', 'lengthReport'], dtype='object')] are in the [columns]"
2026-01-14 13:09:08,039 - Error processing financial report data: "None of [Index(['ticker', 'yearReport', 'lengthReport'], dtype='object')] are in the [columns]"
2026-01-14 13:09:08,039 - Error retrieving financial ratios: "None of [Index(['ticker', 'yearReport', 'lengthReport'], dtype='object')] are in the [columns]"
2026-01-14 13:09:08,040 - Error fetching ratio: "None of [Index(['ticker', 'yearReport', 'lengthReport'], dtype='object')] are in the [columns]"
2026-01-14 13:09:20,722 - Error processing financial report data: "None of [Index(['ticker', 'yearReport', 'lengthReport'], dtype='object')] are in the [columns]"
2026-01-14 13:09:20,722 - Error retrieving financial ratios: "None of [Index(['ticker', 'yearReport', 'lengthReport'], dtype='object')] are in the [columns]"
2026-01-14 13:09:20,723 - Error fetching ratio: "None of [Index(['ticker', 'yearReport', 'lengthReport'], dtype='object')] are in the [columns]"
2026-01-14 13:09:26,167 - Error processing financial report data: "None of [Index(['ticker', 'yearReport', 'lengthReport'], dtype='object')] are in the [columns]"
2026-01-14 13:09:26,167 - Error retrieving financial ratios: "None of [Index(['ticker', 'yearReport', 'lengthReport'], dtype='object')] are in the [columns]"
2026-01-14 13:09:26,167 - Error fetching ratio: "None of [Index(['ticker', 'yearReport', 'lengthReport'], dtype='object')] are in the [columns]"
2026-01-14 13:09:30,786 - Error processing financial report data: "None of [Index(['ticker', 'yearReport', 'lengthReport'], dtype='object')] are in the [columns]"
2026-01-14 13:09:30,786 - Error retrieving financial ratios: "None of [Index(['ticker', 'yearReport', 'lengthReport'], dtype='object')] are in the [columns]"
2026-01-14 13:09:30,786 - Error fetching ratio: "None of [Index(['ticker', 'yearReport', 'lengthReport'], dtype='object')] are in the [columns]"
2026-01-14 13:09:40,225 - Error processing financial report data: "None of [Index(['ticker', 'yearReport', 'lengthReport'], dtype='object')] are in the [columns]"
2026-01-14 13:09:40,227 - Error retrieving financial ratios: "None of [Index(['ticker', 'yearReport', 'lengthReport'], dtype='object')] are in the [columns]"
2026-01-14 13:09:40,228 - Error fetching ratio: "None of [Index(['ticker', 'yearReport', 'lengthReport'], dtype='object')] are in the [columns]"
2026-01-14 13:09:44,971 - Error processing financial report data: "None of [Index(['ticker', 'yearReport', 'lengthReport'], dtype='object')] are in the [columns]"
2026-01-14 13:09:44,972 - Error retrieving financial ratios: "None of [Index(['ticker', 'yearReport', 'lengthReport'], dtype='object')] are in the [columns]"
2026-01-14 13:09:44,972 - Error fetching ratio: "None of [Index(['ticker', 'yearReport', 'lengthReport'], dtype='object')] are in the [columns]"
2026-01-14 13:09:48,723 - Error processing financial report data: "None of [Index(['ticker', 'yearReport', 'lengthReport'], dtype='object')] are in the [columns]"
2026-01-14 13:09:48,723 - Error retrieving financial ratios: "None of [Index(['ticker', 'yearReport', 'lengthReport'], dtype='object')] are in the [columns]"
2026-01-14 13:09:48,724 - Error fetching ratio: "None of [Index(['ticker', 'yearReport', 'lengthReport'], dtype='object')] are in the [columns]"
2026-01-14 13:09:58,601 - Error processing financial report data: "None of [Index(['ticker', 'yearReport', 'lengthReport'], dtype='object')] are in the [columns]"
2026-01-14 13:09:58,601 - Error retrieving financial ratios: "None of [Index(['ticker', 'yearReport', 'lengthReport'], dtype='object')] are in the [columns]"
2026-01-14 13:09:58,601 - Error fetching ratio: "None of [Index(['ticker', 'yearReport', 'lengthReport'], dtype='object')] are in the [columns]"
2026-01-14 13:10:03,736 - Error processing financial report data: "None of [Index(['ticker', 'yearReport', 'lengthReport'], dtype='object')] are in the [columns]"
2026-01-14 13:10:03,736 - Error retrieving financial ratios: "None of [Index(['ticker', 'yearReport', 'lengthReport'], dtype='object')] are in the [columns]"
2026-01-14 13:10:03,736 - Error fetching ratio: "None of [Index(['ticker', 'yearReport', 'lengthReport'], dtype='object')] are in the [columns]"
2026-01-14 13:10:07,309 - Error processing financial report data: "None of [Index(['ticker', 'yearReport', 'lengthReport'], dtype='object')] are in the [columns]"
2026-01-14 13:10:07,310 - Error retrieving financial ratios: "None of [Index(['ticker', 'yearReport', 'lengthReport'], dtype='object')] are in the [columns]"
2026-01-14 13:10:07,310 - Error fetching ratio: "None of [Index(['ticker', 'yearReport', 'lengthReport'], dtype='object')] are in the [columns]"
2026-01-14 13:10:08,732 - Error processing financial report data: "None of [Index(['ticker', 'yearReport', 'lengthReport'], dtype='object')] are in the [columns]"
2026-01-14 13:10:08,732 - Error retrieving financial ratios: "None of [Index(['ticker', 'yearReport', 'lengthReport'], dtype='object')] are in the [columns]"
2026-01-14 13:10:08,732 - Error fetching ratio: "None of [Index(['ticker', 'yearReport', 'lengthReport'], dtype='object')] are in the [columns]"
